#INFO: **** input file is 13-bcc2-gamma/1_eigsys/bcc2.py ****
#!/usr/bin/env python
import os
import numpy as np

def build_bcc2_cell(verbose=4):
  #import pyscf.pbc.gto as pbcgto
  alat  = 3.77945227
  basis = 'cc-pVDZ'
  #ke    = 20.

  # define system
  axes = alat*np.eye(3)
  atom_text = 'H 0 0 0; H %f %f %f' % tuple(alat*np.array([0.5,0.5,0.5]))
  #cell = pbcgto.Cell()
  #cell.build(
  #  a         = axes,
  #  atom      = atom_text,
  #  unit      = 'B',
  #  basis     = basis,
  #  ke_cutoff = ke,
  #  verbose   = verbose
  #)
  from pyscf.pbc import gto
  cell = gto.M(verbose=verbose,a=axes,gs=[4,4,4]
    ,atom=atom_text,basis=basis,unit='bohr')

  return cell
# end def build_bcc2_cell

def run_bcc2(chkfile_name='vdz.h5',verbose=4):
  from pyscf.pbc.scf import RHF
  cell = build_bcc2_cell(verbose=verbose)
  mf   = RHF(cell,exxdiv=None)
  mf.max_cycle = 50
  mf.conv_tol  = 1e-7
  mf.diis_start_cycle = 1
  mf.chkfile   = chkfile_name
  # run or load
  if os.path.isfile(chkfile_name):
    from pyscf import lib
    mf.__dict__.update(lib.chkfile.load(chkfile_name,'scf'))
  else:
    mf.kernel()
  return mf
# end def run_bcc2

import sys
sys.path.insert(0,'../../12-carbon-sj/1_eigsys')
from carbon import ao_on_grid,mo_coeff_to_psig
def save_eigensystem(mf,gfile='gvectors.dat',eig_fname='eigensystem.json'):
  # put AO on real-space grid
  aoR = ao_on_grid(mf.cell)

  # put MOs in file for PwscfH5 to read
  import pandas as pd
  if os.path.isfile(eig_fname):
    gvecs = np.loadtxt(gfile)
    eig_df = pd.read_json(eig_fname).set_index(
      ['ikpt','ispin','istate'],drop=True).sort_index()
  else:
    data = []
    ikpt  = 0 # gamma-point calculation
    ispin = 0 # restricted (same orbitals for up and down electrons)
    # get MOs in plane-wave basis
    gvecs,psig = mo_coeff_to_psig(mf.mo_coeff,aoR,mf.cell.gs,mf.cell.vol)
    nstate,npw,ncomp = psig.shape
    for istate in range(nstate):
      entry = {'ikpt':ikpt,'ispin':ispin,'istate':istate,
        'reduced_k':mf.kpt,'evalue':mf.mo_energy[istate],'evector':psig[istate,:,:]}
      data.append(entry)
    # end for istate
    eig_df = pd.DataFrame(data)
    eig_df.to_json(eig_fname)
    np.savetxt(gfile,gvecs)
  # end if
# end def

if __name__ == '__main__':
  mean_field_object = run_bcc2()
  save_eigensystem(mean_field_object)
# end __main__
#INFO: ******************** input file end ********************


System: ('Linux', 'ubuntu', '4.4.0-79-generic', '#100-Ubuntu SMP Wed May 17 19:58:14 UTC 2017', 'x86_64', 'x86_64')  Threads 1
Python 2.7.12 (default, Nov 19 2016, 06:48:10) 
[GCC 5.4.0 20160609]
numpy 1.12.1  scipy 0.19.0
Date: Tue Jun 20 13:14:04 2017
PySCF version 1.4a
[INPUT] VERBOSE 4
[INPUT] num atoms = 2
[INPUT] num electrons = 2
[INPUT] charge = 0
[INPUT] spin (= nelec alpha-beta = 2S) = 0
[INPUT] symmetry False subgroup None
[INPUT]  1 H      0.000000000000   0.000000000000   0.000000000000 AA    0.000000000000   0.000000000000   0.000000000000 Bohr
[INPUT]  2 H      0.999999934083   0.999999934083   0.999999934083 AA    1.889726000000   1.889726000000   1.889726000000 Bohr
[INPUT] ---------------- BASIS SET ---------------- 
[INPUT] l, kappa, [nprim/nctr], expnt,             c_1 c_2 ...
[INPUT] H
[INPUT] 0    0    [3    /1   ]  13.01             0.019685
                                1.962             0.137977
                                0.4446            0.478148
[INPUT] 0    0    [1    /1   ]  0.122                1
[INPUT] 1    0    [1    /1   ]  0.727                1
nuclear repulsion = -0.962899698031809
number of shells = 6
number of NR pGTOs = 14
number of NR cGTOs = 10
basis = cc-pVDZ
ecp = {}
CPU time:         0.17
lattice vectors  a1 [3.779452270, 0.000000000, 0.000000000]
                 a2 [0.000000000, 3.779452270, 0.000000000]
                 a3 [0.000000000, 0.000000000, 3.779452270]
dimension = 3
Cell volume = 53.9867
rcut = 17.3775249346 (nimgs = [5 5 5])
lattice sum = 967 cells
precision = 1e-08
pseudo = None
gs (FFT-mesh) = [4, 4, 4]
    = ke_cutoff [ 22.11016551  22.11016551  22.11016551]
ew_eta = 0.668457
ew_cut = 9.08018073345 (nimgs = [3 3 3])


******** <class 'pyscf.pbc.scf.hf.RHF'> flags ********
method = RHF
initial guess = minao
damping factor = 0
level shift factor = 0
DIIS = <pyscf.scf.diis.CDIIS object at 0x7fa886aaa590>
DIIS start cycle = 1
DIIS space = 8
SCF tol = 1e-07
SCF gradient tol = None
max. SCF cycles = 50
direct_scf = False
chkfile to save SCF result = vdz.h5
max_memory 4000 MB (current use 54 MB)
******** PBC SCF flags ********
kpt = [ 0.  0.  0.]
Exchange divergence treatment (exxdiv) = None
DF object = <pyscf.pbc.df.fft.FFTDF object at 0x7fa886aaa450>


******** <class 'pyscf.pbc.df.fft.FFTDF'> flags ********
gs = [4, 4, 4]
len(kpts) = 1
Set gradient conv threshold to 0.000316228
init E= -1.01266632014421
  HOMO = -0.0573124101147149  LUMO = 0.670624127210349
cycle= 1 E= -1.06734121061573  delta_E= -0.0547  |g|= 0.0428  |ddm|=  2.7
  HOMO = -0.0503399727718868  LUMO = 0.799365687824811
cycle= 2 E= -1.06773095754164  delta_E= -0.00039  |g|= 0.00453  |ddm|= 0.544
  HOMO = -0.0500791709009635  LUMO = 0.799691465957424
cycle= 3 E= -1.06773722192425  delta_E= -6.26e-06  |g|= 0.000788  |ddm|= 0.0826
  HOMO = -0.0500558325765666  LUMO = 0.799740996870529
cycle= 4 E= -1.0677374721503  delta_E= -2.5e-07  |g|= 2.74e-06  |ddm|= 0.00734
  HOMO = -0.0500557239055308  LUMO = 0.799740734989662
cycle= 5 E= -1.06773747215234  delta_E= -2.04e-12  |g|= 9.65e-08  |ddm|= 3.23e-05
  HOMO = -0.0500557110837471  LUMO = 0.799740691203233
Extra cycle  E= -1.06773747215234  delta_E= -2.44e-15  |g|= 9.65e-08  |ddm|= 5.74e-06
converged SCF energy = -1.06773747215234
